<?xml version="1.0" encoding="UTF-8"?>
<!-- Generated by org.testng.reporters.JUnitXMLReporter -->
<testsuite ignored="0" hostname="JayMM" failures="0" tests="3" name="Home Page Test" time="9.785" errors="0" timestamp="2025-08-15T22:44:05 IST">
  <testcase classname="mytests.HomePageTest" name="checkLoginSuccessful" time="0.692"/>
  <testcase classname="mytests.HomePageTest" name="verifyElementsvisible" time="2.049"/>
  <testcase classname="mytests.HomePageTest" name="verifyCartLinkClicked" time="0.468"/>
</testsuite> <!-- Home Page Test -->
