<?xml version="1.0" encoding="UTF-8"?>
<!-- Generated by org.testng.reporters.JUnitXMLReporter -->
<testsuite ignored="0" hostname="JayMM" failures="0" tests="3" name="Login Page Test" time="6.601" errors="0" timestamp="2025-08-15T22:44:02 IST">
  <testcase classname="mytests.LoginPageTest" name="verifyLoginPageTitle" time="0.067"/>
  <testcase classname="mytests.LoginPageTest" name="verifyLoginPageUrl" time="0.011"/>
  <testcase classname="mytests.LoginPageTest" name="verifyLoginSuccessful" time="0.666"/>
</testsuite> <!-- Login Page Test -->
