<?xml version="1.0" encoding="UTF-8"?>
<!-- Generated by org.testng.reporters.JUnitXMLReporter -->
<testsuite ignored="0" hostname="JayMM" failures="0" tests="3" name="Default test" time="6.464" errors="0" timestamp="2025-08-14T22:10:28 IST">
  <testcase classname="mytests.LoginPageTest" name="verifyLoginPageTitle" time="0.02"/>
  <testcase classname="mytests.LoginPageTest" name="verifyLoginPageUrl" time="0.001"/>
  <testcase classname="mytests.LoginPageTest" name="verifyLoginSuccessful" time="0.636"/>
</testsuite> <!-- Default test -->
