<?xml version="1.0" encoding="UTF-8"?>
<testsuite xmlns:xsi="http://www.w3.org/2001/XMLSchema-instance" xsi:noNamespaceSchemaLocation="https://maven.apache.org/surefire/maven-surefire-plugin/xsd/surefire-test-report-3.0.xsd" version="3.0" name="TestSuite" time="9.771" tests="6" errors="0" skipped="0" failures="0">
  <properties>
[...]
</properties>
  <testcase name="verifyLoginPageTitle" classname="mytests.LoginPageTest" time="0.027">
    <system-out><![CDATA[...
... TestNG 7.11.0 by Cédric Beust (cedric@beust.com)
...

Test Suite started!
Test Suite started!
verifyLoginPageTitle started!
checkLoginSuccessful started!
verifyLoginPageTitle passed!
]]></system-out>
    <system-err><![CDATA[SLF4J(W): No SLF4J providers were found.
SLF4J(W): Defaulting to no-operation (NOP) logger implementation
SLF4J(W): See https://www.slf4j.org/codes.html#noProviders for further details.
]]></system-err>
  </testcase>
  <testcase name="verifyLoginPageUrl" classname="mytests.LoginPageTest" time="0.011">
    <system-out><![CDATA[verifyLoginPageUrl started!
verifyLoginPageUrl passed!
]]></system-out>
  </testcase>
  <testcase name="verifyLoginSuccessful" classname="mytests.LoginPageTest" time="0.568">
    <system-out><![CDATA[verifyLoginSuccessful started!
verifyLoginSuccessful passed!
]]></system-out>
  </testcase>
  <testcase name="checkLoginSuccessful" classname="mytests.HomePageTest" time="0.719">
    <system-out><![CDATA[checkLoginSuccessful passed!
]]></system-out>
  </testcase>
  <testcase name="verifyElementsvisible" classname="mytests.HomePageTest" time="2.036">
    <system-out><![CDATA[verifyElementsvisible started!
Test Suite is ending!
verifyElementsvisible passed!
]]></system-out>
  </testcase>
  <testcase name="verifyCartLinkClicked" classname="mytests.HomePageTest" time="0.351">
    <system-out><![CDATA[verifyCartLinkClicked started!
verifyCartLinkClicked passed!
]]></system-out>
  </testcase>
</testsuite>