<?xml version="1.0" encoding="UTF-8"?>
<!-- Generated by org.testng.reporters.JUnitXMLReporter -->
<testsuite ignored="0" hostname="JayMM" failures="0" tests="3" name="Home Page Test" time="9.003" errors="0" timestamp="2025-08-15T23:00:10 IST">
  <testcase classname="mytests.HomePageTest" name="checkLoginSuccessful" time="0.76"/>
  <testcase classname="mytests.HomePageTest" name="verifyElementsvisible" time="2.03"/>
  <testcase classname="mytests.HomePageTest" name="verifyCartLinkClicked" time="0.354"/>
</testsuite> <!-- Home Page Test -->
