<?xml version="1.0" encoding="UTF-8"?>
<!-- Generated by org.testng.reporters.JUnitXMLReporter -->
<testsuite ignored="0" hostname="JayMM" failures="0" tests="3" name="Login Page Test" time="6.445" errors="0" timestamp="2025-08-15T23:00:08 IST">
  <testcase classname="mytests.LoginPageTest" name="verifyLoginPageTitle" time="0.029"/>
  <testcase classname="mytests.LoginPageTest" name="verifyLoginPageUrl" time="0.001"/>
  <testcase classname="mytests.LoginPageTest" name="verifyLoginSuccessful" time="0.584"/>
</testsuite> <!-- Login Page Test -->
