<?xml version="1.0" encoding="UTF-8"?>
<testng-results ignored="0" total="6" passed="6" failed="0" skipped="0">
  <reporter-output>
  </reporter-output>
  <suite started-at="2025-08-15T22:43:55 IST" name="Store Test Regression PW Suite" finished-at="2025-08-15T22:44:05 IST" duration-ms="9785">
    <groups>
    </groups>
    <test started-at="2025-08-15T22:43:55 IST" name="Login Page Test" finished-at="2025-08-15T22:44:02 IST" duration-ms="6601">
      <class name="mytests.LoginPageTest">
        <test-method is-config="true" signature="setUp()[pri:0, instance:mytests.LoginPageTest@5a7fe64f]" started-at="2025-08-15T22:43:55 IST" name="setUp" finished-at="2025-08-15T22:44:01 IST" duration-ms="5553" status="PASS">
          <reporter-output>
          </reporter-output>
        </test-method> <!-- setUp -->
        <test-method signature="verifyLoginPageTitle()[pri:0, instance:mytests.LoginPageTest@5a7fe64f]" started-at="2025-08-15T22:44:01 IST" name="verifyLoginPageTitle" finished-at="2025-08-15T22:44:01 IST" duration-ms="67" status="PASS">
          <reporter-output>
          </reporter-output>
        </test-method> <!-- verifyLoginPageTitle -->
        <test-method signature="verifyLoginPageUrl()[pri:0, instance:mytests.LoginPageTest@5a7fe64f]" started-at="2025-08-15T22:44:01 IST" name="verifyLoginPageUrl" finished-at="2025-08-15T22:44:01 IST" duration-ms="11" status="PASS">
          <reporter-output>
          </reporter-output>
        </test-method> <!-- verifyLoginPageUrl -->
        <test-method signature="verifyLoginSuccessful()[pri:0, instance:mytests.LoginPageTest@5a7fe64f]" started-at="2025-08-15T22:44:01 IST" name="verifyLoginSuccessful" finished-at="2025-08-15T22:44:01 IST" duration-ms="666" status="PASS">
          <reporter-output>
          </reporter-output>
        </test-method> <!-- verifyLoginSuccessful -->
        <test-method is-config="true" signature="tearDown()[pri:0, instance:mytests.LoginPageTest@5a7fe64f]" started-at="2025-08-15T22:44:01 IST" name="tearDown" finished-at="2025-08-15T22:44:02 IST" duration-ms="247" status="PASS">
          <reporter-output>
          </reporter-output>
        </test-method> <!-- tearDown -->
      </class> <!-- mytests.LoginPageTest -->
    </test> <!-- Login Page Test -->
    <test started-at="2025-08-15T22:43:55 IST" name="Home Page Test" finished-at="2025-08-15T22:44:05 IST" duration-ms="9785">
      <class name="mytests.HomePageTest">
        <test-method is-config="true" signature="setUp()[pri:0, instance:mytests.HomePageTest@4a07d605]" started-at="2025-08-15T22:43:55 IST" name="setUp" finished-at="2025-08-15T22:44:01 IST" duration-ms="6027" status="PASS">
          <reporter-output>
          </reporter-output>
        </test-method> <!-- setUp -->
        <test-method signature="checkLoginSuccessful()[pri:1, instance:mytests.HomePageTest@4a07d605]" started-at="2025-08-15T22:44:01 IST" name="checkLoginSuccessful" finished-at="2025-08-15T22:44:02 IST" duration-ms="692" status="PASS">
          <reporter-output>
          </reporter-output>
        </test-method> <!-- checkLoginSuccessful -->
        <test-method signature="verifyElementsvisible()[pri:2, instance:mytests.HomePageTest@4a07d605]" started-at="2025-08-15T22:44:02 IST" name="verifyElementsvisible" finished-at="2025-08-15T22:44:04 IST" duration-ms="2049" status="PASS">
          <reporter-output>
          </reporter-output>
        </test-method> <!-- verifyElementsvisible -->
        <test-method signature="verifyCartLinkClicked()[pri:3, instance:mytests.HomePageTest@4a07d605]" started-at="2025-08-15T22:44:04 IST" name="verifyCartLinkClicked" finished-at="2025-08-15T22:44:04 IST" duration-ms="468" status="PASS">
          <reporter-output>
          </reporter-output>
        </test-method> <!-- verifyCartLinkClicked -->
        <test-method is-config="true" signature="tearDown()[pri:0, instance:mytests.HomePageTest@4a07d605]" started-at="2025-08-15T22:44:04 IST" name="tearDown" finished-at="2025-08-15T22:44:05 IST" duration-ms="326" status="PASS">
          <reporter-output>
          </reporter-output>
        </test-method> <!-- tearDown -->
      </class> <!-- mytests.HomePageTest -->
    </test> <!-- Home Page Test -->
  </suite> <!-- Store Test Regression PW Suite -->
</testng-results>
